[04:25:32] [main/INFO]: Loading Minecraft 1.20.1 with Fabric Loader 0.18.2
[04:25:32] [ForkJoinPool-1-worker-2/WARN]: Mod joinleavemessages uses the version fabric-1.19.3-2.0.0 which isn't compatible with Loader's extended semantic version format (Could not parse version number component 'fabric'!), SemVer is recommended for reliably evaluating dependencies and prioritizing newer version
[04:25:33] [main/INFO]: Loading 100 mods:
	- c2me 0.2.0+alpha.11.16
	   |-- c2me-base 0.2.0+alpha.11.16
	   |-- c2me-client-uncapvd 0.2.0+alpha.11.16
	   |-- c2me-fixes-chunkio-threading-issues 0.2.0+alpha.11.16
	   |-- c2me-fixes-general-threading-issues 0.2.0+alpha.11.16
	   |-- c2me-fixes-worldgen-threading-issues 0.2.0+alpha.11.16
	   |-- c2me-fixes-worldgen-vanilla-bugs 0.2.0+alpha.11.16
	   |-- c2me-notickvd 0.2.0+alpha.11.16
	   |-- c2me-opts-allocs 0.2.0+alpha.11.16
	   |-- c2me-opts-chunk-access 0.2.0+alpha.11.16
	   |-- c2me-opts-chunkio 0.2.0+alpha.11.16
	   |-- c2me-opts-math 0.2.0+alpha.11.16
	   |-- c2me-opts-scheduling 0.2.0+alpha.11.16
	   |-- c2me-opts-worldgen-general 0.2.0+alpha.11.16
	   |-- c2me-opts-worldgen-vanilla 0.2.0+alpha.11.16
	   |-- c2me-rewrites-chunk-serializer 0.2.0+alpha.11.16
	   |-- c2me-rewrites-chunkio 0.2.0+alpha.11.16
	   |-- c2me-server-utils 0.2.0+alpha.11.16
	   |-- c2me-threading-chunkio 0.2.0+alpha.11.16
	   |-- c2me-threading-lighting 0.2.0+alpha.11.16
	   |-- c2me-threading-worldgen 0.2.0+alpha.11.16
	   |-- com_ibm_async_asyncutil 0.1.0
	   |-- net_objecthunter_exp4j 0.4.8
	   \-- org_threadly_threadly 7.0
	- collective 8.13
	- coroutil 1.20.1-1.3.7
	   \-- forgeconfigapiport 8.0.0
	- fabric-api 0.92.7+1.20.1
	   |-- fabric-api-base 0.4.32+1802ada577
	   |-- fabric-api-lookup-api-v1 1.6.37+1802ada577
	   |-- fabric-biome-api-v1 13.0.15+93aa238b77
	   |-- fabric-block-api-v1 1.0.12+1802ada577
	   |-- fabric-block-view-api-v2 1.0.3+924f046a77
	   |-- fabric-blockrenderlayer-v1 1.1.42+1802ada577
	   |-- fabric-client-tags-api-v1 1.1.3+1802ada577
	   |-- fabric-command-api-v1 1.2.35+f71b366f77
	   |-- fabric-command-api-v2 2.2.14+1802ada577
	   |-- fabric-commands-v0 0.2.52+df3654b377
	   |-- fabric-containers-v0 0.1.67+df3654b377
	   |-- fabric-content-registries-v0 4.0.13+1802ada577
	   |-- fabric-convention-tags-v1 1.5.6+1802ada577
	   |-- fabric-crash-report-info-v1 0.2.20+1802ada577
	   |-- fabric-data-attachment-api-v1 1.0.2+de0fd6d177
	   |-- fabric-data-generation-api-v1 12.3.7+1802ada577
	   |-- fabric-dimensions-v1 2.1.55+1802ada577
	   |-- fabric-entity-events-v1 1.6.1+1c78457f77
	   |-- fabric-events-interaction-v0 0.6.5+13a40c6677
	   |-- fabric-events-lifecycle-v0 0.2.64+df3654b377
	   |-- fabric-game-rule-api-v1 1.0.41+1802ada577
	   |-- fabric-item-api-v1 2.1.29+1802ada577
	   |-- fabric-item-group-api-v1 4.0.14+1802ada577
	   |-- fabric-key-binding-api-v1 1.0.38+1802ada577
	   |-- fabric-keybindings-v0 0.2.36+df3654b377
	   |-- fabric-lifecycle-events-v1 2.2.23+1802ada577
	   |-- fabric-loot-api-v2 1.2.3+1802ada577
	   |-- fabric-loot-tables-v1 1.1.47+9e7660c677
	   |-- fabric-message-api-v1 5.1.10+1802ada577
	   |-- fabric-mining-level-api-v1 2.1.52+1802ada577
	   |-- fabric-model-loading-api-v1 1.0.4+1802ada577
	   |-- fabric-models-v0 0.4.3+9386d8a777
	   |-- fabric-networking-api-v1 1.3.14+a158aa0477
	   |-- fabric-networking-v0 0.3.54+df3654b377
	   |-- fabric-object-builder-api-v1 11.1.5+e35120df77
	   |-- fabric-particles-v1 1.1.3+1802ada577
	   |-- fabric-recipe-api-v1 1.0.24+1802ada577
	   |-- fabric-registry-sync-v0 2.3.6+1802ada577
	   |-- fabric-renderer-api-v1 3.2.2+1802ada577
	   |-- fabric-renderer-indigo 1.5.3+85287f9f77
	   |-- fabric-renderer-registries-v1 3.2.47+df3654b377
	   |-- fabric-rendering-data-attachment-v1 0.3.39+92a0d36777
	   |-- fabric-rendering-fluids-v1 3.0.29+1802ada577
	   |-- fabric-rendering-v0 1.1.50+df3654b377
	   |-- fabric-rendering-v1 3.0.9+1802ada577
	   |-- fabric-resource-conditions-api-v1 2.3.9+1802ada577
	   |-- fabric-resource-loader-v0 0.11.12+fb82e9d777
	   |-- fabric-screen-api-v1 2.0.9+1802ada577
	   |-- fabric-screen-handler-api-v1 1.3.33+1802ada577
	   |-- fabric-sound-api-v1 1.0.14+1802ada577
	   |-- fabric-transfer-api-v1 3.3.6+8dd72ea377
	   \-- fabric-transitive-access-wideners-v1 4.3.2+1802ada577
	- fabricloader 0.18.2
	   \-- mixinextras 0.5.0
	- ferritecore 6.0.1
	- java 17
	- joinleavemessages fabric-1.19.3-2.0.0
	   \-- com_networkglitch_common_ 1.0.0
	- krypton 0.2.3
	   \-- com_velocitypowered_velocity-native 3.2.0-SNAPSHOT
	- lithium 0.11.4
	- minecraft 1.20.1
	- mobtimizations 1.20.1-1.0.0
	- modernfix 5.25.2+mc1.20.1
	- mr_serversleep 1-datapack
	- noisium 2.3.0+mc1.20-1.20.1
	- private-messages 2.1.0-1.20.1
	   \-- server_translations_api 2.0.0+1.20
	        \-- packet_tweaker 0.4.0+1.19.4
	- readyplayerfun 3.0.1.2
	   \-- whitenoise 1.1.1
	        |-- com_electronwill_night-config_core 3.6.7
	        \-- com_electronwill_night-config_toml 3.6.7
	- servercore 1.5.2+1.20.1
	   |-- fabric-permissions-api-v0 0.3.1
	   |-- org_yaml_snakeyaml 2.2
	   |-- placeholder-api 2.1.3+1.20.1
	   |-- space_arim_dazzleconf_dazzleconf-core 1.3.0-M2
	   \-- space_arim_dazzleconf_dazzleconf-ext-snakeyaml 1.3.0-M2
	- skinrestorer 2.5.0+1.20-fabric
	   \-- org_mineskin_java-client 3.2.1-SNAPSHOT
	- starlight 1.1.2+fabric.dbc156f
	- vmp 0.2.0+beta.7.102
	- welcomemessage 2.7
	- zzz_rawr 2.2.0+1.19.2+fabric
	   \-- folk_sisby_kaleido-config 0.3.3+1.3.2
[04:25:33] [main/INFO]: SpongePowered MIXIN Subsystem Version=0.8.7 Source=file:/workspaces/SERVER1/servidor_minecraft/libraries/net/fabricmc/sponge-mixin/0.16.5+mixin.0.8.7/sponge-mixin-0.16.5+mixin.0.8.7.jar Service=Knot/Fabric Env=SERVER
[04:25:34] [main/INFO]: Compatibility level set to JAVA_16
[04:25:34] [main/INFO]: Compatibility level set to JAVA_17
[04:25:34] [main/INFO]: Initializing com.ishland.c2me.base.mixin
[04:25:34] [main/INFO]: Initializing com.ishland.c2me.fixes.chunkio.threading_issues.mixin
[04:25:34] [main/INFO]: Initializing com.ishland.c2me.fixes.general.threading_issues.mixin
[04:25:34] [main/INFO]: Initializing com.ishland.c2me.fixes.worldgen.threading_issues.mixin
[04:25:34] [main/INFO]: Initializing com.ishland.c2me.fixes.worldgen.vanilla_bugs.mixin
[04:25:34] [main/INFO]: Initializing com.ishland.c2me.notickvd.mixin
[04:25:34] [main/INFO]: Initializing com.ishland.c2me.opts.allocs.mixin
[04:25:34] [main/INFO]: Initializing com.ishland.c2me.opts.chunk_access.mixin
[04:25:34] [main/INFO]: Initializing com.ishland.c2me.opts.chunkio.mixin
[04:25:34] [main/INFO]: Initializing com.ishland.c2me.opts.math.mixin
[04:25:34] [main/INFO]: Initializing com.ishland.c2me.opts.scheduling.mixin
[04:25:34] [main/INFO]: Initializing com.ishland.c2me.opts.worldgen.general.mixin
[04:25:34] [main/INFO]: Initializing com.ishland.c2me.opts.worldgen.vanilla.mixin
[04:25:34] [main/INFO]: Initializing com.ishland.c2me.rewrites.chunk_serializer.mixin
[04:25:34] [main/INFO]: Disabling com.ishland.c2me.rewrites.chunk_serializer.mixin
[04:25:34] [main/INFO]: Initializing com.ishland.c2me.rewrites.chunkio.mixin
[04:25:34] [main/INFO]: Disabling com.ishland.c2me.rewrites.chunkio.mixin
[04:25:34] [main/INFO]: Initializing com.ishland.c2me.server.utils.mixin
[04:25:34] [main/INFO]: Initializing com.ishland.c2me.threading.chunkio.mixin
[04:25:34] [main/INFO]: Initializing com.ishland.c2me.threading.lighting.mixin
[04:25:34] [main/INFO]: Initializing com.ishland.c2me.threading.worldgen.mixin
[04:25:34] [main/INFO]: Disabling com.ishland.c2me.threading.worldgen.mixin
[04:25:34] [main/WARN]: Reference map 'coroutil.refmap.json' for coroutil_fabric.mixins.json could not be read. If this is a development environment you can ignore this message
[04:25:34] [main/INFO]: Loaded configuration file for Lithium: 131 options available, 3 override(s) found
[04:25:34] [main/INFO]: Loaded configuration file for ModernFix 5.25.2+mc1.20.1: 71 options available, 3 override(s) found
[04:25:34] [main/WARN]: Option 'mixin.bugfix.paper_chunk_patches' overriden (by mods [c2me]) to 'false'
[04:25:34] [main/WARN]: Option 'mixin.perf.cache_strongholds' overriden (by mods [c2me]) to 'false'
[04:25:34] [main/WARN]: Option 'mixin.bugfix.chunk_deadlock' overriden (by mods [c2me]) to 'false'
[04:25:34] [main/INFO]: Applying Nashorn fix
[04:25:35] [main/INFO]: Successfully started async appender with [ServerGuiConsole, SysOut, File]
[04:25:35] [main/WARN]: Force-disabling mixin 'alloc.blockstate.StateMixin' as rule 'mixin.alloc.blockstate' (added by mods [ferritecore]) disables it and children
[04:25:35] [main/WARN]: Force-disabling mixin 'alloc.chunk_ticking.ServerChunkManagerMixin' as rule 'mixin.alloc.chunk_ticking' (added by mods [servercore]) disables it and children
[04:25:35] [main/WARN]: Force-disabling mixin 'world.player_chunk_tick.ThreadedAnvilChunkStorageMixin' as rule 'mixin.world.player_chunk_tick' (added by mods [c2me, krypton, vmp]) disables it and children
[04:25:36] [main/INFO]: Initializing MixinExtras via com.llamalad7.mixinextras.service.MixinExtrasServiceImpl(version=0.5.0).
[04:25:37] [main/INFO]: Injecting BlockStateBase cache population hook into getNeighborPathNodeType from me.jellysquid.mods.lithium.mixin.ai.pathing.AbstractBlockStateMixin
[04:25:37] [main/INFO]: Injecting BlockStateBase cache population hook into getPathNodeType from me.jellysquid.mods.lithium.mixin.ai.pathing.AbstractBlockStateMixin
[04:25:37] [main/INFO]: Injecting BlockStateBase cache population hook into getOpacityIfCached from ca.spottedleaf.starlight.mixin.common.blockstate.BlockStateBaseMixin
[04:25:37] [main/INFO]: Injecting BlockStateBase cache population hook into isConditionallyFullOpaque from ca.spottedleaf.starlight.mixin.common.blockstate.BlockStateBaseMixin
[04:25:37] [main/INFO]: Injecting BlockStateBase cache population hook into getAllFlags from me.jellysquid.mods.lithium.mixin.util.block_tracking.AbstractBlockStateMixin
[04:25:39] [main/WARN]: Static binding violation: PRIVATE @Overwrite method method_21740 in modernfix-common.mixins.json:perf.remove_biome_temperature_cache.BiomeMixin from mod modernfix cannot reduce visibiliy of PUBLIC target method, visibility will be upgraded.
[04:25:39] [main/WARN]: Method overwrite conflict for method_21740 in modernfix-common.mixins.json:perf.remove_biome_temperature_cache.BiomeMixin from mod modernfix, previously written by me.jellysquid.mods.lithium.mixin.world.temperature_cache.BiomeMixin. Skipping method.
[04:25:39] [main/INFO]: Vanilla bootstrap took 2971 milliseconds
[04:25:39] [main/INFO]: Loading Collective version 8.13.
[04:25:39] [main/INFO]: fabric loader environment detected
[04:25:39] [main/INFO]: [joinleavemessages] Enabled
[04:25:39] [main/INFO]: Compression will use libdeflate (Linux x86_64), encryption will use OpenSSL 3.0.x (Linux x86_64)
[04:25:39] [main/INFO]: Loading Noisium.
[04:25:39] [main/INFO]: Initializing
[04:25:39] [main/INFO]: Loading configuration
[04:25:39] [main/INFO]: Configuration is loaded
[04:25:39] [main/INFO]: Selected language: en_us, English
[04:25:39] [main/INFO]: Initialized
[04:25:39] [main/INFO]: [ServerCore] Loaded V1.5.2+1.20.1!
[04:25:40] [main/INFO]: zzz... rrr... Rawr?
[04:25:40] [main/INFO]: Krypton is now accelerating your Minecraft server's networking stack 🚀
[04:25:40] [main/INFO]: Environment: authHost='https://authserver.mojang.com', accountsHost='https://api.mojang.com', sessionHost='https://sessionserver.mojang.com', servicesHost='https://api.minecraftservices.com', name='PROD'
[04:25:41] [main/INFO]: Bypassed Mojang DFU
[04:25:43] [main/INFO]: Loaded 7 recipes
[04:25:43] [main/INFO]: Loaded 1271 advancements
[04:25:43] [ForkJoinPool.commonPool-worker-1/INFO]: Loaded 33 translation keys
[04:25:43] [main/WARN]: Initial datapack load took 2.207 s
[04:25:43] [main/INFO]: Applied 0 biome modifications to 0 of 64 new biomes in 2.485 ms
[04:25:43] [Server thread/INFO]: Starting minecraft server version 1.20.1
[04:25:43] [Server thread/INFO]: Loading properties
[04:25:43] [Server thread/INFO]: Default game type: SURVIVAL
[04:25:43] [Server thread/INFO]: Generating keypair
[04:25:43] [Server thread/INFO]: Starting Minecraft server on *:25565
[04:25:43] [Server thread/INFO]: Using epoll channel type
[04:25:43] [Server thread/WARN]: **** SERVER IS RUNNING IN OFFLINE/INSECURE MODE!
[04:25:43] [Server thread/WARN]: The server will make no attempt to authenticate usernames. Beware.
[04:25:43] [Server thread/WARN]: While this makes the game possible to play without internet access, it also opens up the ability for hackers to connect with any username they choose.
[04:25:43] [Server thread/WARN]: To change this, set "online-mode" to "true" in the server.properties file.
[04:25:43] [Server thread/INFO]: Preparing level "world"
[04:25:43] [Server thread/INFO]: Enforcing safe world random access
[04:25:44] [Server thread/INFO]: Changing watch distance to 10
[04:25:46] [Server thread/INFO]: Changing watch distance to 10
[04:25:46] [Server thread/INFO]: Changing watch distance to 10
[04:25:46] [Server thread/INFO]: Preparing start region for dimension minecraft:overworld
[04:25:46] [Worker-Main-1/INFO]: Preparing spawn area: 0%
[04:25:46] [Worker-Main-1/INFO]: Preparing spawn area: 0%
[04:25:47] [Worker-Main-1/INFO]: Preparing spawn area: 0%
[04:25:47] [Worker-Main-3/INFO]: Preparing spawn area: 0%
[04:25:48] [Worker-Main-3/INFO]: Preparing spawn area: 0%
[04:25:48] [Worker-Main-3/INFO]: Preparing spawn area: 0%
[04:25:49] [Worker-Main-3/INFO]: Preparing spawn area: 3%
[04:25:49] [Worker-Main-1/INFO]: Preparing spawn area: 15%
[04:25:50] [Worker-Main-2/INFO]: Preparing spawn area: 35%
[04:25:50] [Worker-Main-3/INFO]: Preparing spawn area: 68%
[04:25:51] [Server thread/INFO]: Time elapsed: 4813 ms
[04:25:51] [Server thread/INFO]: Done (7.583s)! For help, type "help"
[04:25:51] [Server thread/WARN]: Dedicated server took 27.477 seconds to load
[04:26:14] [Server thread/INFO]: zfran[/127.8.104.42:44903] logged in with entity id 243 at (-30.290132159609637, 64.0, 53.89666689815732)
[04:26:14] [Server thread/INFO]: Async chunk loading for player zfran completed
[04:27:42] [Server thread/INFO]: [zfran: Applied skin changes for zfran]
[04:28:37] [Server thread/INFO]: zfran lost connection: Disconnected
[04:28:45] [Server thread/INFO]: Stopping the server
[04:28:45] [Server thread/INFO]: Stopping server
[04:28:45] [Server thread/INFO]: Saving players
[04:28:45] [Server thread/INFO]: Saving worlds
[04:28:45] [Server thread/INFO]: Saving chunks for level 'ServerLevel[world]'/minecraft:overworld
[04:28:47] [Server thread/INFO]: Saving chunks for level 'ServerLevel[world]'/minecraft:the_nether
[04:28:47] [Server thread/INFO]: Saving chunks for level 'ServerLevel[world]'/minecraft:the_end
[04:28:47] [Server thread/INFO]: ThreadedAnvilChunkStorage (world): All chunks are saved
[04:28:47] [Server thread/INFO]: ThreadedAnvilChunkStorage (DIM-1): All chunks are saved
[04:28:47] [Server thread/INFO]: ThreadedAnvilChunkStorage (DIM1): All chunks are saved
[04:28:47] [Server thread/INFO]: ThreadedAnvilChunkStorage: All dimensions are saved
